2025-07-11 14:42:49,731 CRIT Supervisor is running as root.  Privileges were not dropped because no user is specified in the config file.  If you intend to run as root, you can set user=root in the config file to avoid this message.
2025-07-11 14:42:49,768 INFO supervisord started with pid 1
2025-07-11 14:42:50,779 INFO spawned: 'nginx' with pid 8
2025-07-11 14:42:50,796 INFO spawned: 'php-fpm' with pid 9
2025-07-11 14:42:52,125 INFO success: nginx entered RUNNING state, process has stayed up for > than 1 seconds (startsecs)
2025-07-11 14:42:52,130 INFO success: php-fpm entered RUNNING state, process has stayed up for > than 1 seconds (startsecs)
2025-07-11 14:53:47,087 WARN received SIGQUIT indicating exit request
2025-07-11 14:53:47,091 INFO waiting for nginx, php-fpm to die
2025-07-11 14:53:47,124 INFO stopped: php-fpm (exit status 0)
2025-07-11 14:53:47,145 INFO stopped: nginx (exit status 0)
2025-07-11 14:55:28,955 CRIT Supervisor is running as root.  Privileges were not dropped because no user is specified in the config file.  If you intend to run as root, you can set user=root in the config file to avoid this message.
2025-07-11 14:55:28,970 INFO supervisord started with pid 1
2025-07-11 14:55:29,981 INFO spawned: 'nginx' with pid 7
2025-07-11 14:55:30,011 INFO spawned: 'php-fpm' with pid 8
2025-07-11 14:55:31,256 INFO success: nginx entered RUNNING state, process has stayed up for > than 1 seconds (startsecs)
2025-07-11 14:55:31,258 INFO success: php-fpm entered RUNNING state, process has stayed up for > than 1 seconds (startsecs)
2025-07-11 15:54:29,169 WARN received SIGQUIT indicating exit request
2025-07-11 15:54:29,175 INFO waiting for nginx, php-fpm to die
2025-07-11 15:54:29,193 INFO stopped: php-fpm (exit status 0)
2025-07-11 15:54:29,199 INFO stopped: nginx (exit status 0)
2025-07-11 15:54:31,838 CRIT Supervisor is running as root.  Privileges were not dropped because no user is specified in the config file.  If you intend to run as root, you can set user=root in the config file to avoid this message.
2025-07-11 15:54:31,864 INFO supervisord started with pid 1
2025-07-11 15:54:32,874 INFO spawned: 'nginx' with pid 7
2025-07-11 15:54:32,890 INFO spawned: 'php-fpm' with pid 8
2025-07-11 15:54:34,114 INFO success: nginx entered RUNNING state, process has stayed up for > than 1 seconds (startsecs)
2025-07-11 15:54:34,116 INFO success: php-fpm entered RUNNING state, process has stayed up for > than 1 seconds (startsecs)
2025-07-13 19:39:58,604 WARN received SIGQUIT indicating exit request
2025-07-13 19:39:58,618 INFO waiting for nginx, php-fpm to die
2025-07-13 19:39:58,673 INFO stopped: php-fpm (exit status 0)
2025-07-13 19:39:58,682 INFO stopped: nginx (exit status 0)
2025-07-13 19:40:03,141 CRIT Supervisor is running as root.  Privileges were not dropped because no user is specified in the config file.  If you intend to run as root, you can set user=root in the config file to avoid this message.
2025-07-13 19:40:03,154 INFO supervisord started with pid 1
2025-07-13 19:40:04,160 INFO spawned: 'nginx' with pid 8
2025-07-13 19:40:04,167 INFO spawned: 'php-fpm' with pid 9
2025-07-13 19:40:05,459 INFO success: nginx entered RUNNING state, process has stayed up for > than 1 seconds (startsecs)
2025-07-13 19:40:05,465 INFO success: php-fpm entered RUNNING state, process has stayed up for > than 1 seconds (startsecs)
2025-08-28 15:03:37,788 CRIT Supervisor is running as root.  Privileges were not dropped because no user is specified in the config file.  If you intend to run as root, you can set user=root in the config file to avoid this message.
2025-08-28 15:03:37,806 INFO supervisord started with pid 1
2025-08-28 15:03:38,823 INFO spawned: 'nginx' with pid 8
2025-08-28 15:03:38,834 INFO spawned: 'php-fpm' with pid 9
2025-08-28 15:03:40,484 INFO success: nginx entered RUNNING state, process has stayed up for > than 1 seconds (startsecs)
2025-08-28 15:03:40,552 INFO success: php-fpm entered RUNNING state, process has stayed up for > than 1 seconds (startsecs)
2025-08-28 15:23:16,226 WARN received SIGQUIT indicating exit request
2025-08-28 15:23:16,230 INFO waiting for nginx, php-fpm to die
2025-08-28 15:23:16,266 INFO stopped: php-fpm (exit status 0)
2025-08-28 15:23:16,272 INFO stopped: nginx (exit status 0)
2025-08-28 15:23:20,890 CRIT Supervisor is running as root.  Privileges were not dropped because no user is specified in the config file.  If you intend to run as root, you can set user=root in the config file to avoid this message.
2025-08-28 15:23:20,919 INFO supervisord started with pid 1
2025-08-28 15:23:21,928 INFO spawned: 'nginx' with pid 7
2025-08-28 15:23:21,937 INFO spawned: 'php-fpm' with pid 8
2025-08-28 15:23:23,393 INFO success: nginx entered RUNNING state, process has stayed up for > than 1 seconds (startsecs)
2025-08-28 15:23:23,398 INFO success: php-fpm entered RUNNING state, process has stayed up for > than 1 seconds (startsecs)
2025-08-28 15:52:43,749 WARN received SIGQUIT indicating exit request
2025-08-28 15:52:43,755 INFO waiting for nginx, php-fpm to die
2025-08-28 15:52:43,918 INFO stopped: php-fpm (exit status 0)
2025-08-28 15:52:43,936 INFO stopped: nginx (exit status 0)
2025-08-28 15:53:12,430 CRIT Supervisor is running as root.  Privileges were not dropped because no user is specified in the config file.  If you intend to run as root, you can set user=root in the config file to avoid this message.
2025-08-28 15:53:12,500 INFO supervisord started with pid 1
2025-08-28 15:53:13,514 INFO spawned: 'nginx' with pid 7
2025-08-28 15:53:13,547 INFO spawned: 'php-fpm' with pid 8
2025-08-28 15:53:15,245 INFO success: nginx entered RUNNING state, process has stayed up for > than 1 seconds (startsecs)
2025-08-28 15:53:15,249 INFO success: php-fpm entered RUNNING state, process has stayed up for > than 1 seconds (startsecs)
2025-08-28 16:00:44,108 WARN received SIGQUIT indicating exit request
2025-08-28 16:00:44,110 INFO waiting for nginx, php-fpm to die
2025-08-28 16:00:44,146 INFO stopped: php-fpm (exit status 0)
2025-08-28 16:00:44,155 INFO stopped: nginx (exit status 0)
2025-08-28 16:02:28,145 CRIT Supervisor is running as root.  Privileges were not dropped because no user is specified in the config file.  If you intend to run as root, you can set user=root in the config file to avoid this message.
2025-08-28 16:02:28,198 INFO supervisord started with pid 1
2025-08-28 16:02:29,214 INFO spawned: 'nginx' with pid 7
2025-08-28 16:02:29,230 INFO spawned: 'php-fpm' with pid 8
2025-08-28 16:02:30,598 INFO success: nginx entered RUNNING state, process has stayed up for > than 1 seconds (startsecs)
2025-08-28 16:02:30,603 INFO success: php-fpm entered RUNNING state, process has stayed up for > than 1 seconds (startsecs)
